-encoding
UTF8
-showWeaveInfo
-source
1.6
-target
1.6
-classpath
C:\Documents and Settings\seph\.m2\repository\junit\junit\4.11\junit-4.11.jar;C:\Documents and Settings\seph\.m2\repository\log4j\log4j\1.2.16\log4j-1.2.16.jar;C:\Documents and Settings\seph\.m2\repository\commons-logging\commons-logging\1.1.1\commons-logging-1.1.1.jar;C:\Documents and Settings\seph\.m2\repository\org\hamcrest\hamcrest-core\1.3\hamcrest-core-1.3.jar;C:\Documents and Settings\seph\.m2\repository\org\aspectj\aspectjrt\1.6.1\aspectjrt-1.6.1.jar;C:\Documents and Settings\seph\.m2\repository\org\aspectj\aspectjtools\1.6.1\aspectjtools-1.6.1.jar;C:\Documents and Settings\seph\.m2\repository\org\aspectj\aspectjweaver\1.6.1\aspectjweaver-1.6.1.jar;C:\github-repo\agileseph\automated-testing-concepts\spice\technology-mix\jUnit_+_AspectJ_Mix\target\classes
-d
C:\github-repo\agileseph\automated-testing-concepts\spice\technology-mix\jUnit_+_AspectJ_Mix\target\classes
C:\github-repo\agileseph\automated-testing-concepts\spice\technology-mix\jUnit_+_AspectJ_Mix\src\com\organization\automation\project\spice\mix\aop\aspectj\aspect\LogAspect.aj
C:\github-repo\agileseph\automated-testing-concepts\spice\technology-mix\jUnit_+_AspectJ_Mix\src\com\organization\automation\project\spice\mix\aop\aspectj\LogRun.java
C:\github-repo\agileseph\automated-testing-concepts\spice\technology-mix\jUnit_+_AspectJ_Mix\src\com\organization\automation\project\spice\mix\aop\aspectj\LogStep.java
C:\github-repo\agileseph\automated-testing-concepts\spice\technology-mix\jUnit_+_AspectJ_Mix\src\com\organization\automation\project\spice\mix\aop\aspectj\TCSample.java
C:\github-repo\agileseph\automated-testing-concepts\spice\technology-mix\jUnit_+_AspectJ_Mix\src\com\organization\automation\project\spice\mix\junit\extension\annotation\AnnotationProcessor.java
C:\github-repo\agileseph\automated-testing-concepts\spice\technology-mix\jUnit_+_AspectJ_Mix\src\com\organization\automation\project\spice\mix\junit\extension\annotation\History.java
C:\github-repo\agileseph\automated-testing-concepts\spice\technology-mix\jUnit_+_AspectJ_Mix\src\com\organization\automation\project\spice\mix\junit\extension\annotation\TestFixture.java
C:\github-repo\agileseph\automated-testing-concepts\spice\technology-mix\jUnit_+_AspectJ_Mix\src\com\organization\automation\project\spice\mix\junit\extension\assertion\CustomAssert.java
C:\github-repo\agileseph\automated-testing-concepts\spice\technology-mix\jUnit_+_AspectJ_Mix\src\com\organization\automation\project\spice\mix\junit\extension\logging\CustomLevels.java
C:\github-repo\agileseph\automated-testing-concepts\spice\technology-mix\jUnit_+_AspectJ_Mix\src\com\organization\automation\project\spice\mix\junit\extension\logging\DateUtils.java
C:\github-repo\agileseph\automated-testing-concepts\spice\technology-mix\jUnit_+_AspectJ_Mix\src\com\organization\automation\project\spice\mix\junit\extension\logging\DemoLevelFilter.java
C:\github-repo\agileseph\automated-testing-concepts\spice\technology-mix\jUnit_+_AspectJ_Mix\src\com\organization\automation\project\spice\mix\junit\extension\logging\TAFLoggerFactory.java
C:\github-repo\agileseph\automated-testing-concepts\spice\technology-mix\jUnit_+_AspectJ_Mix\src\com\organization\automation\project\spice\mix\junit\JUnitExtension.java
C:\github-repo\agileseph\automated-testing-concepts\spice\technology-mix\jUnit_+_AspectJ_Mix\src\com\organization\automation\project\spice\mix\junit\system\TestSystem.java
C:\github-repo\agileseph\automated-testing-concepts\spice\technology-mix\jUnit_+_AspectJ_Mix\src\com\organization\automation\project\spice\mix\junit\test\AbstractTestCase.java
C:\github-repo\agileseph\automated-testing-concepts\spice\technology-mix\jUnit_+_AspectJ_Mix\src\com\organization\automation\project\spice\mix\junit\test\ITestCase.java
C:\github-repo\agileseph\automated-testing-concepts\spice\technology-mix\jUnit_+_AspectJ_Mix\src\com\organization\automation\project\spice\mix\junit\test\set\TestSetTexture.java
C:\github-repo\agileseph\automated-testing-concepts\spice\technology-mix\jUnit_+_AspectJ_Mix\src\com\organization\automation\project\spice\mix\junit\test\suite\TestSuiteTexture.java
C:\github-repo\agileseph\automated-testing-concepts\spice\technology-mix\jUnit_+_AspectJ_Mix\src\com\organization\automation\project\spice\mix\junit\test\TCError.java
C:\github-repo\agileseph\automated-testing-concepts\spice\technology-mix\jUnit_+_AspectJ_Mix\src\com\organization\automation\project\spice\mix\junit\test\TCException.java
